  main.cpp
C:\Users\celia\Desktop\Cours\3eme trimestre\visual_studio_projet\Exercice_carteId\Exercice_carteId\main.cpp(58,25): error C2440: 'initialisation' : impossible de convertir de 'nullptr' en 'char'
C:\Users\celia\Desktop\Cours\3eme trimestre\visual_studio_projet\Exercice_carteId\Exercice_carteId\main.cpp(58,16): message : Un nullptr natif peut uniquement être converti en booléen ou, à l'aide de reinterpret_cast, en type intégral
C:\Users\celia\Desktop\Cours\3eme trimestre\visual_studio_projet\Exercice_carteId\Exercice_carteId\main.cpp(59,28): error C2440: 'initialisation' : impossible de convertir de 'nullptr' en 'char'
C:\Users\celia\Desktop\Cours\3eme trimestre\visual_studio_projet\Exercice_carteId\Exercice_carteId\main.cpp(59,19): message : Un nullptr natif peut uniquement être converti en booléen ou, à l'aide de reinterpret_cast, en type intégral
C:\Users\celia\Desktop\Cours\3eme trimestre\visual_studio_projet\Exercice_carteId\Exercice_carteId\main.cpp(71,11): warning C4473: 'scanf_s' : nombre insuffisant d'arguments passés pour la chaîne de format
C:\Users\celia\Desktop\Cours\3eme trimestre\visual_studio_projet\Exercice_carteId\Exercice_carteId\main.cpp(71,11): message : les espaces réservés et leurs paramètres attendent des arguments 2 variadiques, mais des arguments 1 ont été fournis
C:\Users\celia\Desktop\Cours\3eme trimestre\visual_studio_projet\Exercice_carteId\Exercice_carteId\main.cpp(71,11): message : l'argument variadique manquant 2 est demandé par la chaîne de format '%s'
C:\Users\celia\Desktop\Cours\3eme trimestre\visual_studio_projet\Exercice_carteId\Exercice_carteId\main.cpp(71,11): message : cet argument est utilisé comme taille de mémoire tampon
C:\Users\celia\Desktop\Cours\3eme trimestre\visual_studio_projet\Exercice_carteId\Exercice_carteId\main.cpp(74,11): warning C4473: 'scanf_s' : nombre insuffisant d'arguments passés pour la chaîne de format
C:\Users\celia\Desktop\Cours\3eme trimestre\visual_studio_projet\Exercice_carteId\Exercice_carteId\main.cpp(74,11): message : les espaces réservés et leurs paramètres attendent des arguments 2 variadiques, mais des arguments 1 ont été fournis
C:\Users\celia\Desktop\Cours\3eme trimestre\visual_studio_projet\Exercice_carteId\Exercice_carteId\main.cpp(74,11): message : l'argument variadique manquant 2 est demandé par la chaîne de format '%s'
C:\Users\celia\Desktop\Cours\3eme trimestre\visual_studio_projet\Exercice_carteId\Exercice_carteId\main.cpp(74,11): message : cet argument est utilisé comme taille de mémoire tampon
C:\Users\celia\Desktop\Cours\3eme trimestre\visual_studio_projet\Exercice_carteId\Exercice_carteId\main.cpp(77,11): warning C4477: 'scanf_s' : la chaîne de format '%d' nécessite un argument de type 'int *', mais l'argument variadique 1 est de type 'ddn **'
C:\Users\celia\Desktop\Cours\3eme trimestre\visual_studio_projet\Exercice_carteId\Exercice_carteId\main.cpp(80,11): warning C4477: 'scanf_s' : la chaîne de format '%s' nécessite un argument de type 'char *', mais l'argument variadique 1 est de type 'adrs **'
C:\Users\celia\Desktop\Cours\3eme trimestre\visual_studio_projet\Exercice_carteId\Exercice_carteId\main.cpp(80,11): message : cet argument est utilisé par un spécificateur de conversion
C:\Users\celia\Desktop\Cours\3eme trimestre\visual_studio_projet\Exercice_carteId\Exercice_carteId\main.cpp(80,11): warning C4473: 'scanf_s' : nombre insuffisant d'arguments passés pour la chaîne de format
C:\Users\celia\Desktop\Cours\3eme trimestre\visual_studio_projet\Exercice_carteId\Exercice_carteId\main.cpp(80,11): message : les espaces réservés et leurs paramètres attendent des arguments 2 variadiques, mais des arguments 1 ont été fournis
C:\Users\celia\Desktop\Cours\3eme trimestre\visual_studio_projet\Exercice_carteId\Exercice_carteId\main.cpp(80,11): message : l'argument variadique manquant 2 est demandé par la chaîne de format '%s'
C:\Users\celia\Desktop\Cours\3eme trimestre\visual_studio_projet\Exercice_carteId\Exercice_carteId\main.cpp(80,11): message : cet argument est utilisé comme taille de mémoire tampon
C:\Users\celia\Desktop\Cours\3eme trimestre\visual_studio_projet\Exercice_carteId\Exercice_carteId\main.cpp(103,13): warning C4477: 'printf_s' : la chaîne de format '%d' nécessite un argument de type 'int', mais l'argument variadique 1 est de type 'ddn *'
C:\Users\celia\Desktop\Cours\3eme trimestre\visual_studio_projet\Exercice_carteId\Exercice_carteId\main.cpp(104,13): warning C4477: 'printf_s' : la chaîne de format '%s' nécessite un argument de type 'char *', mais l'argument variadique 1 est de type 'adrs *'
